<?xml version="1.0" encoding="UTF-8"?>
<!-- Generated by org.testng.reporters.JUnitXMLReporter -->
<testsuite hostname="ADMINRG-IERDROD" ignored="0" name="Default test" tests="3" failures="0" timestamp="02 Jan 2019 11:11:28 GMT" time="69.85" errors="0">
  <testcase name="loginPageTitleTest" time="0.064" classname="qa.Test.LoginPageTest"/>
  <testcase name="crmlogoImageTest" time="0.077" classname="qa.Test.LoginPageTest"/>
  <testcase name="loginTest" time="18.208" classname="qa.Test.LoginPageTest"/>
</testsuite> <!-- Default test -->
