<?xml version="1.0" encoding="UTF-8"?>
<!-- Generated by org.testng.reporters.JUnitXMLReporter -->
<testsuite hostname="DESKTOP-9BMLCIN" ignored="0" name="Default test" tests="3" failures="0" timestamp="10 Jan 2019 08:50:29 GMT" time="137.847" errors="0">
  <testcase name="verifyHomePageTitleTest" time="0.057" classname="qa.Test.HomePageTest"/>
  <testcase name="verifyUserNameTest" time="0.239" classname="qa.Test.HomePageTest"/>
  <testcase name="verifyContactsLinkTest" time="2.986" classname="qa.Test.HomePageTest"/>
</testsuite> <!-- Default test -->
