<?xml version="1.0" encoding="UTF-8"?>
<testng-results skipped="0" failed="0" ignored="0" total="3" passed="3">
  <reporter-output>
  </reporter-output>
  <suite name="Default suite" duration-ms="137847" started-at="2019-01-10T08:48:11Z" finished-at="2019-01-10T08:50:29Z">
    <groups>
    </groups>
    <test name="Default test" duration-ms="137847" started-at="2019-01-10T08:48:11Z" finished-at="2019-01-10T08:50:29Z">
      <class name="qa.Test.HomePageTest">
        <test-method status="PASS" signature="setUp()[pri:0, instance:qa.Test.HomePageTest@6b9651f3]" name="setUp" is-config="true" duration-ms="79504" started-at="2019-01-10T08:48:11Z" finished-at="2019-01-10T08:49:31Z">
          <reporter-output>
          </reporter-output>
        </test-method> <!-- setUp -->
        <test-method status="PASS" signature="verifyHomePageTitleTest()[pri:1, instance:qa.Test.HomePageTest@6b9651f3]" name="verifyHomePageTitleTest" duration-ms="57" started-at="2019-01-10T08:49:31Z" finished-at="2019-01-10T08:49:31Z">
          <reporter-output>
          </reporter-output>
        </test-method> <!-- verifyHomePageTitleTest -->
        <test-method status="PASS" signature="tearDown()[pri:0, instance:qa.Test.HomePageTest@6b9651f3]" name="tearDown" is-config="true" duration-ms="786" started-at="2019-01-10T08:49:31Z" finished-at="2019-01-10T08:49:32Z">
          <reporter-output>
          </reporter-output>
        </test-method> <!-- tearDown -->
        <test-method status="PASS" signature="setUp()[pri:0, instance:qa.Test.HomePageTest@6b9651f3]" name="setUp" is-config="true" duration-ms="26431" started-at="2019-01-10T08:49:32Z" finished-at="2019-01-10T08:49:58Z">
          <reporter-output>
          </reporter-output>
        </test-method> <!-- setUp -->
        <test-method status="PASS" signature="verifyUserNameTest()[pri:2, instance:qa.Test.HomePageTest@6b9651f3]" name="verifyUserNameTest" duration-ms="239" started-at="2019-01-10T08:49:58Z" finished-at="2019-01-10T08:49:58Z">
          <reporter-output>
          </reporter-output>
        </test-method> <!-- verifyUserNameTest -->
        <test-method status="PASS" signature="tearDown()[pri:0, instance:qa.Test.HomePageTest@6b9651f3]" name="tearDown" is-config="true" duration-ms="752" started-at="2019-01-10T08:49:58Z" finished-at="2019-01-10T08:49:59Z">
          <reporter-output>
          </reporter-output>
        </test-method> <!-- tearDown -->
        <test-method status="PASS" signature="setUp()[pri:0, instance:qa.Test.HomePageTest@6b9651f3]" name="setUp" is-config="true" duration-ms="26298" started-at="2019-01-10T08:49:59Z" finished-at="2019-01-10T08:50:25Z">
          <reporter-output>
          </reporter-output>
        </test-method> <!-- setUp -->
        <test-method status="PASS" signature="verifyContactsLinkTest()[pri:3, instance:qa.Test.HomePageTest@6b9651f3]" name="verifyContactsLinkTest" duration-ms="2986" started-at="2019-01-10T08:50:25Z" finished-at="2019-01-10T08:50:28Z">
          <reporter-output>
          </reporter-output>
        </test-method> <!-- verifyContactsLinkTest -->
        <test-method status="PASS" signature="tearDown()[pri:0, instance:qa.Test.HomePageTest@6b9651f3]" name="tearDown" is-config="true" duration-ms="756" started-at="2019-01-10T08:50:28Z" finished-at="2019-01-10T08:50:29Z">
          <reporter-output>
          </reporter-output>
        </test-method> <!-- tearDown -->
      </class> <!-- qa.Test.HomePageTest -->
    </test> <!-- Default test -->
  </suite> <!-- Default suite -->
</testng-results>
