<?xml version="1.0" encoding="UTF-8"?>
<testng-results skipped="0" failed="0" ignored="0" total="3" passed="3">
  <reporter-output>
  </reporter-output>
  <suite name="Default suite" duration-ms="69850" started-at="2019-01-02T11:10:18Z" finished-at="2019-01-02T11:11:28Z">
    <groups>
    </groups>
    <test name="Default test" duration-ms="69850" started-at="2019-01-02T11:10:18Z" finished-at="2019-01-02T11:11:28Z">
      <class name="qa.Test.LoginPageTest">
        <test-method status="PASS" signature="setUp()[pri:0, instance:qa.Test.LoginPageTest@1d8d30f7]" name="setUp" is-config="true" duration-ms="18379" started-at="2019-01-02T11:10:18Z" finished-at="2019-01-02T11:10:37Z">
          <reporter-output>
          </reporter-output>
        </test-method> <!-- setUp -->
        <test-method status="PASS" signature="loginPageTitleTest()[pri:1, instance:qa.Test.LoginPageTest@1d8d30f7]" name="loginPageTitleTest" duration-ms="64" started-at="2019-01-02T11:10:37Z" finished-at="2019-01-02T11:10:37Z">
          <reporter-output>
          </reporter-output>
        </test-method> <!-- loginPageTitleTest -->
        <test-method status="PASS" signature="tearDown()[pri:0, instance:qa.Test.LoginPageTest@1d8d30f7]" name="tearDown" is-config="true" duration-ms="2072" started-at="2019-01-02T11:10:37Z" finished-at="2019-01-02T11:10:39Z">
          <reporter-output>
          </reporter-output>
        </test-method> <!-- tearDown -->
        <test-method status="PASS" signature="setUp()[pri:0, instance:qa.Test.LoginPageTest@1d8d30f7]" name="setUp" is-config="true" duration-ms="15365" started-at="2019-01-02T11:10:39Z" finished-at="2019-01-02T11:10:54Z">
          <reporter-output>
          </reporter-output>
        </test-method> <!-- setUp -->
        <test-method status="PASS" signature="crmlogoImageTest()[pri:2, instance:qa.Test.LoginPageTest@1d8d30f7]" name="crmlogoImageTest" duration-ms="77" started-at="2019-01-02T11:10:54Z" finished-at="2019-01-02T11:10:54Z">
          <reporter-output>
          </reporter-output>
        </test-method> <!-- crmlogoImageTest -->
        <test-method status="PASS" signature="tearDown()[pri:0, instance:qa.Test.LoginPageTest@1d8d30f7]" name="tearDown" is-config="true" duration-ms="840" started-at="2019-01-02T11:10:54Z" finished-at="2019-01-02T11:10:55Z">
          <reporter-output>
          </reporter-output>
        </test-method> <!-- tearDown -->
        <test-method status="PASS" signature="setUp()[pri:0, instance:qa.Test.LoginPageTest@1d8d30f7]" name="setUp" is-config="true" duration-ms="13887" started-at="2019-01-02T11:10:55Z" finished-at="2019-01-02T11:11:09Z">
          <reporter-output>
          </reporter-output>
        </test-method> <!-- setUp -->
        <test-method status="PASS" signature="loginTest()[pri:3, instance:qa.Test.LoginPageTest@1d8d30f7]" name="loginTest" duration-ms="18208" started-at="2019-01-02T11:11:09Z" finished-at="2019-01-02T11:11:27Z">
          <reporter-output>
          </reporter-output>
        </test-method> <!-- loginTest -->
        <test-method status="PASS" signature="tearDown()[pri:0, instance:qa.Test.LoginPageTest@1d8d30f7]" name="tearDown" is-config="true" duration-ms="882" started-at="2019-01-02T11:11:27Z" finished-at="2019-01-02T11:11:28Z">
          <reporter-output>
          </reporter-output>
        </test-method> <!-- tearDown -->
      </class> <!-- qa.Test.LoginPageTest -->
    </test> <!-- Default test -->
  </suite> <!-- Default suite -->
</testng-results>
