<?xml version="1.0" encoding="UTF-8"?>
<!-- Generated by org.testng.reporters.JUnitXMLReporter -->
<testsuite hostname="DESKTOP-9BMLCIN" ignored="0" name="Frr CRM Testcases" tests="8" failures="0" timestamp="07 Jan 2019 11:32:12 GMT" time="229.747" errors="0">
  <testcase name="verifyContactsPageLabl" time="0.059" classname="qa.Test.ContactsPageTest"/>
  <testcase name="verifyHomePageTitleTest" time="0.013" classname="qa.Test.HomePageTest"/>
  <testcase name="loginPageTitleTest" time="0.026" classname="qa.Test.LoginPageTest"/>
  <testcase name="selectContactsTest" time="5.035" classname="qa.Test.ContactsPageTest"/>
  <testcase name="verifyUserNameTest" time="0.155" classname="qa.Test.HomePageTest"/>
  <testcase name="crmlogoImageTest" time="0.042" classname="qa.Test.LoginPageTest"/>
  <testcase name="verifyContactsLinkTest" time="3.284" classname="qa.Test.HomePageTest"/>
  <testcase name="loginTest" time="13.12" classname="qa.Test.LoginPageTest"/>
</testsuite> <!-- Frr CRM Testcases -->
